[INFO] Scanning for projects...
[INFO] 
[INFO] -------------------< com.example:spring-boot-docker >-------------------
[INFO] Building spring-boot-docker 0.0.1-SNAPSHOT
[INFO]   from pom.xml
[INFO] --------------------------------[ jar ]---------------------------------
[INFO] 
[INFO] --- clean:3.4.1:clean (default-clean) @ spring-boot-docker ---
[INFO] Deleting /home/devero11/smarthack/docker-fullstack-server-setup/spring-boot/target
[INFO] 
[INFO] >>> spring-boot:3.5.6:run (default-cli) > test-compile @ spring-boot-docker >>>
[INFO] 
[INFO] --- resources:3.3.1:resources (default-resources) @ spring-boot-docker ---
[INFO] Copying 1 resource from src/main/resources to target/classes
[INFO] Copying 0 resource from src/main/resources to target/classes
[INFO] 
[INFO] --- compiler:3.14.0:compile (default-compile) @ spring-boot-docker ---
[INFO] Recompiling the module because of changed source code.
[INFO] Compiling 7 source files with javac [debug parameters release 17] to target/classes
[INFO] 
[INFO] --- resources:3.3.1:testResources (default-testResources) @ spring-boot-docker ---
[INFO] skip non existing resourceDirectory /home/devero11/smarthack/docker-fullstack-server-setup/spring-boot/src/test/resources
[INFO] 
[INFO] --- compiler:3.14.0:testCompile (default-testCompile) @ spring-boot-docker ---
[INFO] Recompiling the module because of changed dependency.
[INFO] Compiling 1 source file with javac [debug parameters release 17] to target/test-classes
[INFO] 
[INFO] <<< spring-boot:3.5.6:run (default-cli) < test-compile @ spring-boot-docker <<<
[INFO] 
[INFO] 
[INFO] --- spring-boot:3.5.6:run (default-cli) @ spring-boot-docker ---
[INFO] Attaching agents: []

  .   ____          _            __ _ _
 /\\ / ___'_ __ _ _(_)_ __  __ _ \ \ \ \
( ( )\___ | '_ | '_| | '_ \/ _` | \ \ \ \
 \\/  ___)| |_)| | | | | || (_| |  ) ) ) )
  '  |____| .__|_| |_|_| |_\__, | / / / /
 =========|_|==============|___/=/_/_/_/

 :: Spring Boot ::                (v3.5.6)

2025-11-04T22:19:00.664+02:00  INFO 17322 --- [spring-boot-docker] [           main] c.e.s.SpringBootDockerApplication        : Starting SpringBootDockerApplication using Java 21.0.8 with PID 17322 (/home/devero11/smarthack/docker-fullstack-server-setup/spring-boot/target/classes started by testuser in /home/devero11/smarthack/docker-fullstack-server-setup/spring-boot)
2025-11-04T22:19:00.665+02:00  INFO 17322 --- [spring-boot-docker] [           main] c.e.s.SpringBootDockerApplication        : No active profile set, falling back to 1 default profile: "default"
2025-11-04T22:19:00.900+02:00  INFO 17322 --- [spring-boot-docker] [           main] .s.d.r.c.RepositoryConfigurationDelegate : Bootstrapping Spring Data JPA repositories in DEFAULT mode.
2025-11-04T22:19:00.921+02:00  INFO 17322 --- [spring-boot-docker] [           main] .s.d.r.c.RepositoryConfigurationDelegate : Finished Spring Data repository scanning in 17 ms. Found 1 JPA repository interface.
2025-11-04T22:19:01.098+02:00  INFO 17322 --- [spring-boot-docker] [           main] o.s.b.w.embedded.tomcat.TomcatWebServer  : Tomcat initialized with port 8080 (http)
2025-11-04T22:19:01.104+02:00  INFO 17322 --- [spring-boot-docker] [           main] o.apache.catalina.core.StandardService   : Starting service [Tomcat]
2025-11-04T22:19:01.104+02:00  INFO 17322 --- [spring-boot-docker] [           main] o.apache.catalina.core.StandardEngine    : Starting Servlet engine: [Apache Tomcat/10.1.46]
2025-11-04T22:19:01.121+02:00  INFO 17322 --- [spring-boot-docker] [           main] o.a.c.c.C.[Tomcat].[localhost].[/]       : Initializing Spring embedded WebApplicationContext
2025-11-04T22:19:01.121+02:00  INFO 17322 --- [spring-boot-docker] [           main] w.s.c.ServletWebServerApplicationContext : Root WebApplicationContext: initialization completed in 440 ms
2025-11-04T22:19:01.187+02:00  INFO 17322 --- [spring-boot-docker] [           main] o.hibernate.jpa.internal.util.LogHelper  : HHH000204: Processing PersistenceUnitInfo [name: default]
2025-11-04T22:19:01.205+02:00  INFO 17322 --- [spring-boot-docker] [           main] org.hibernate.Version                    : HHH000412: Hibernate ORM core version 6.6.29.Final
2025-11-04T22:19:01.222+02:00  INFO 17322 --- [spring-boot-docker] [           main] o.h.c.internal.RegionFactoryInitiator    : HHH000026: Second-level cache disabled
2025-11-04T22:19:01.324+02:00  INFO 17322 --- [spring-boot-docker] [           main] o.s.o.j.p.SpringPersistenceUnitInfo      : No LoadTimeWeaver setup: ignoring JPA class transformer
2025-11-04T22:19:01.335+02:00  INFO 17322 --- [spring-boot-docker] [           main] com.zaxxer.hikari.HikariDataSource       : HikariPool-1 - Starting...
2025-11-04T22:19:01.397+02:00  INFO 17322 --- [spring-boot-docker] [           main] com.zaxxer.hikari.pool.HikariPool        : HikariPool-1 - Added connection org.postgresql.jdbc.PgConnection@38f617f4
2025-11-04T22:19:01.398+02:00  INFO 17322 --- [spring-boot-docker] [           main] com.zaxxer.hikari.HikariDataSource       : HikariPool-1 - Start completed.
2025-11-04T22:19:01.411+02:00  WARN 17322 --- [spring-boot-docker] [           main] org.hibernate.orm.deprecation            : HHH90000025: PostgreSQLDialect does not need to be specified explicitly using 'hibernate.dialect' (remove the property setting and it will be selected by default)
2025-11-04T22:19:01.418+02:00  INFO 17322 --- [spring-boot-docker] [           main] org.hibernate.orm.connections.pooling    : HHH10001005: Database info:
	Database JDBC URL [Connecting through datasource 'HikariDataSource (HikariPool-1)']
	Database driver: undefined/unknown
	Database version: 15.14
	Autocommit mode: undefined/unknown
	Isolation level: undefined/unknown
	Minimum pool size: undefined/unknown
	Maximum pool size: undefined/unknown
2025-11-04T22:19:01.726+02:00  INFO 17322 --- [spring-boot-docker] [           main] o.h.e.t.j.p.i.JtaPlatformInitiator       : HHH000489: No JTA platform available (set 'hibernate.transaction.jta.platform' to enable JTA platform integration)
2025-11-04T22:19:01.747+02:00  INFO 17322 --- [spring-boot-docker] [           main] j.LocalContainerEntityManagerFactoryBean : Initialized JPA EntityManagerFactory for persistence unit 'default'
2025-11-04T22:19:01.871+02:00  WARN 17322 --- [spring-boot-docker] [           main] JpaBaseConfiguration$JpaWebConfiguration : spring.jpa.open-in-view is enabled by default. Therefore, database queries may be performed during view rendering. Explicitly configure spring.jpa.open-in-view to disable this warning
2025-11-04T22:19:02.000+02:00  WARN 17322 --- [spring-boot-docker] [           main] ConfigServletWebServerApplicationContext : Exception encountered during context initialization - cancelling refresh attempt: org.springframework.context.ApplicationContextException: Failed to start bean 'webServerStartStop'
2025-11-04T22:19:02.000+02:00  INFO 17322 --- [spring-boot-docker] [           main] j.LocalContainerEntityManagerFactoryBean : Closing JPA EntityManagerFactory for persistence unit 'default'
2025-11-04T22:19:02.001+02:00  INFO 17322 --- [spring-boot-docker] [           main] com.zaxxer.hikari.HikariDataSource       : HikariPool-1 - Shutdown initiated...
2025-11-04T22:19:02.002+02:00  INFO 17322 --- [spring-boot-docker] [           main] com.zaxxer.hikari.HikariDataSource       : HikariPool-1 - Shutdown completed.
2025-11-04T22:19:02.011+02:00  INFO 17322 --- [spring-boot-docker] [           main] .s.b.a.l.ConditionEvaluationReportLogger : 

Error starting ApplicationContext. To display the condition evaluation report re-run your application with 'debug' enabled.
2025-11-04T22:19:02.017+02:00 ERROR 17322 --- [spring-boot-docker] [           main] o.s.b.d.LoggingFailureAnalysisReporter   : 

***************************
APPLICATION FAILED TO START
***************************

Description:

Web server failed to start. Port 8080 was already in use.

Action:

Identify and stop the process that's listening on port 8080 or configure this application to listen on another port.

[INFO] ------------------------------------------------------------------------
[INFO] BUILD FAILURE
[INFO] ------------------------------------------------------------------------
[INFO] Total time:  2.792 s
[INFO] Finished at: 2025-11-04T22:19:02+02:00
[INFO] ------------------------------------------------------------------------
[ERROR] Failed to execute goal org.springframework.boot:spring-boot-maven-plugin:3.5.6:run (default-cli) on project spring-boot-docker: Process terminated with exit code: 1 -> [Help 1]
[ERROR] 
[ERROR] To see the full stack trace of the errors, re-run Maven with the -e switch.
[ERROR] Re-run Maven using the -X switch to enable full debug logging.
[ERROR] 
[ERROR] For more information about the errors and possible solutions, please read the following articles:
[ERROR] [Help 1] http://cwiki.apache.org/confluence/display/MAVEN/MojoExecutionException
